#
# There is insufficient memory for the Java Runtime Environment to continue.
# Native memory allocation (malloc) failed to allocate 1559696 bytes for Chunk::new
# Possible reasons:
#   The system is out of physical RAM or swap space
#   The process is running with CompressedOops enabled, and the Java Heap may be blocking the growth of the native heap
# Possible solutions:
#   Reduce memory load on the system
#   Increase physical memory or swap space
#   Check if swap backing store is full
#   Decrease Java heap size (-Xmx/-Xms)
#   Decrease number of Java threads
#   Decrease Java thread stack sizes (-Xss)
#   Set larger code cache with -XX:ReservedCodeCacheSize=
#   JVM is running with Unscaled Compressed Oops mode in which the Java heap is
#     placed in the first 4GB address space. The Java Heap base address is the
#     maximum limit for the native heap growth. Please use -XX:HeapBaseMinAddress
#     to set the Java Heap base and to place the Java Heap above 4GB virtual address.
# This output file may be truncated or incomplete.
#
#  Out of Memory Error (allocation.cpp:389), pid=10336, tid=0x0000000000001108
#
# JRE version: OpenJDK Runtime Environment (8.0_202-b03) (build 1.8.0_202-release-1483-b03)
# Java VM: OpenJDK 64-Bit Server VM (25.202-b03 mixed mode windows-amd64 compressed oops)
# Failed to write core dump. Minidumps are not enabled by default on client versions of Windows
#

---------------  T H R E A D  ---------------

Current thread (0x00000000183fe800):  JavaThread "C2 CompilerThread0" daemon [_thread_in_native, id=4360, stack(0x0000000018ce0000,0x0000000018de0000)]

Stack: [0x0000000018ce0000,0x0000000018de0000]
[error occurred during error reporting (printing stack bounds), id 0xc0000005]

Native frames: (J=compiled Java code, j=interpreted, Vv=VM code, C=native code)


Current CompileTask:
C2:  13529 4216   !   4       com.sun.beans.TypeResolver::resolve (274 bytes)


---------------  P R O C E S S  ---------------

Java Threads: ( => current thread )
  0x000000001a145000 JavaThread "Cache worker for Build Output Cleanup Cache (D:\Projetos\Projetos Android\CasaMaisImoveis\.gradle\buildOutputCleanup)" [_thread_blocked, id=3456, stack(0x00000000239f0000,0x0000000023af0000)]
  0x000000001a13b000 JavaThread "pool-1-thread-1" [_thread_blocked, id=9188, stack(0x00000000234f0000,0x00000000235f0000)]
  0x000000001a142000 JavaThread "Build operations Thread 8" [_thread_blocked, id=8516, stack(0x0000000022ff0000,0x00000000230f0000)]
  0x000000001a141000 JavaThread "Build operations Thread 7" [_thread_blocked, id=9928, stack(0x0000000022ef0000,0x0000000022ff0000)]
  0x000000001a139800 JavaThread "Build operations Thread 6" [_thread_blocked, id=6412, stack(0x0000000022df0000,0x0000000022ef0000)]
  0x000000001a13f800 JavaThread "Build operations Thread 5" [_thread_blocked, id=11224, stack(0x0000000022cf0000,0x0000000022df0000)]
  0x000000001a13f000 JavaThread "Build operations Thread 4" [_thread_blocked, id=7608, stack(0x0000000021b50000,0x0000000021c50000)]
  0x000000001a140800 JavaThread "Build operations Thread 3" [_thread_blocked, id=7728, stack(0x0000000021a50000,0x0000000021b50000)]
  0x000000001a13e000 JavaThread "Build operations Thread 2" [_thread_blocked, id=12844, stack(0x0000000021950000,0x0000000021a50000)]
  0x000000001a13c800 JavaThread "Build operations" [_thread_blocked, id=9032, stack(0x0000000021850000,0x0000000021950000)]
  0x000000001a13a800 JavaThread "Cache worker for execution history cache (C:\Users\Filipe\.gradle\caches\5.4.1\executionHistory)" [_thread_blocked, id=11788, stack(0x0000000021150000,0x0000000021250000)]
  0x000000001a7d1000 JavaThread "Cache worker for cache directory md-rule (C:\Users\Filipe\.gradle\caches\5.4.1\md-rule)" [_thread_blocked, id=15976, stack(0x000000001f990000,0x000000001fa90000)]
  0x000000001a7cf800 JavaThread "Cache worker for cache directory md-supplier (C:\Users\Filipe\.gradle\caches\5.4.1\md-supplier)" [_thread_blocked, id=10764, stack(0x000000001f6c0000,0x000000001f7c0000)]
  0x000000001a7d0000 JavaThread "Cache worker for file hash cache (D:\Projetos\Projetos Android\CasaMaisImoveis\.gradle\5.4.1\fileHashes)" [_thread_blocked, id=12444, stack(0x000000001f890000,0x000000001f990000)]
  0x000000001a7d2800 JavaThread "Cache worker for journal cache (C:\Users\Filipe\.gradle\caches\journal-1)" [_thread_blocked, id=5640, stack(0x000000001d020000,0x000000001d120000)]
  0x000000001a7d4000 JavaThread "File lock request listener" [_thread_in_native, id=16304, stack(0x000000001cf20000,0x000000001d020000)]
  0x000000001a7d3000 JavaThread "Cache worker for file hash cache (C:\Users\Filipe\.gradle\caches\5.4.1\fileHashes)" [_thread_blocked, id=11624, stack(0x000000001ce20000,0x000000001cf20000)]
  0x000000001a8c3000 JavaThread "Thread-9" [_thread_blocked, id=11004, stack(0x000000001bd50000,0x000000001be50000)]
  0x000000001a8be000 JavaThread "Stdin handler" [_thread_blocked, id=8288, stack(0x000000001bc50000,0x000000001bd50000)]
  0x000000001a8e5000 JavaThread "Asynchronous log dispatcher for DefaultDaemonConnection: socket connection from /127.0.0.1:61079 to /127.0.0.1:61080" [_thread_blocked, id=1792, stack(0x000000001ba50000,0x000000001bb50000)]
  0x000000001a8e2000 JavaThread "Daemon worker" [_thread_in_vm, id=9508, stack(0x000000001b950000,0x000000001ba50000)]
  0x000000001a8e1800 JavaThread "Cancel handler" [_thread_blocked, id=8892, stack(0x000000001b850000,0x000000001b950000)]
  0x000000001a5af000 JavaThread "Handler for socket connection from /127.0.0.1:61079 to /127.0.0.1:61080" [_thread_in_native, id=9940, stack(0x000000001b550000,0x000000001b650000)]
  0x000000001a5ae800 JavaThread "Daemon" [_thread_blocked, id=13476, stack(0x000000001b450000,0x000000001b550000)]
  0x000000001a560800 JavaThread "Daemon periodic checks" [_thread_blocked, id=8544, stack(0x000000001b350000,0x000000001b450000)]
  0x000000001a559800 JavaThread "Incoming local TCP Connector on port 61079" [_thread_in_native, id=5588, stack(0x000000001b0f0000,0x000000001b1f0000)]
  0x000000001a669000 JavaThread "Daemon health stats" [_thread_blocked, id=13836, stack(0x000000001aab0000,0x000000001abb0000)]
  0x000000001849d800 JavaThread "Service Thread" daemon [_thread_blocked, id=7076, stack(0x00000000190e0000,0x00000000191e0000)]
  0x000000001840a000 JavaThread "C1 CompilerThread3" daemon [_thread_blocked, id=3272, stack(0x0000000018fe0000,0x00000000190e0000)]
  0x0000000018407000 JavaThread "C2 CompilerThread2" daemon [_thread_blocked, id=11208, stack(0x0000000018ee0000,0x0000000018fe0000)]
  0x0000000018402000 JavaThread "C2 CompilerThread1" daemon [_thread_in_native, id=7832, stack(0x0000000018de0000,0x0000000018ee0000)]
=>0x00000000183fe800 JavaThread "C2 CompilerThread0" daemon [_thread_in_native, id=4360, stack(0x0000000018ce0000,0x0000000018de0000)]
  0x00000000183fd800 JavaThread "Attach Listener" daemon [_thread_blocked, id=13572, stack(0x0000000018be0000,0x0000000018ce0000)]
  0x00000000183fa000 JavaThread "Signal Dispatcher" daemon [_thread_blocked, id=2708, stack(0x0000000018ae0000,0x0000000018be0000)]
  0x00000000183f1000 JavaThread "Finalizer" daemon [_thread_blocked, id=11960, stack(0x00000000188d0000,0x00000000189d0000)]
  0x00000000183f0800 JavaThread "Reference Handler" daemon [_thread_blocked, id=6212, stack(0x00000000187d0000,0x00000000188d0000)]
  0x0000000000dae800 JavaThread "main" [_thread_blocked, id=8876, stack(0x0000000002630000,0x0000000002730000)]

Other Threads:
  0x00000000165e6000 VMThread [stack: 0x00000000182d0000,0x00000000183d0000] [id=12800]
  0x000000001846f000 WatcherThread [stack: 0x00000000191e0000,0x00000000192e0000] [id=9492]

VM state:not at safepoint (normal execution)

VM Mutex/Monitor currently owned by a thread: None

heap address: 0x00000000a0000000, size: 1536 MB, Compressed Oops mode: 32-bit
Narrow klass base: 0x0000000000000000, Narrow klass shift: 3
Compressed class space size: 1073741824 Address: 0x0000000100000000

Heap:
 PSYoungGen      total 104960K, used 68825K [0x00000000e0000000, 0x00000000e9080000, 0x0000000100000000)
  eden space 91648K, 61% used [0x00000000e0000000,0x00000000e3725e40,0x00000000e5980000)
  from space 13312K, 92% used [0x00000000e5980000,0x00000000e6590978,0x00000000e6680000)
  to   space 14336K, 0% used [0x00000000e8280000,0x00000000e8280000,0x00000000e9080000)
 ParOldGen       total 115712K, used 17444K [0x00000000a0000000, 0x00000000a7100000, 0x00000000e0000000)
  object space 115712K, 15% used [0x00000000a0000000,0x00000000a11092a0,0x00000000a7100000)
 Metaspace       used 47924K, capacity 49604K, committed 49664K, reserved 1091584K
  class space    used 6476K, capacity 6858K, committed 6912K, reserved 1048576K

Card table byte_map: [0x0000000011bf0000,0x0000000011f00000] byte_map_base: 0x00000000116f0000

Marking Bits: (ParMarkBitMap*) 0x000000005e959f30
 Begin Bits: [0x0000000012900000, 0x0000000014100000)
 End Bits:   [0x0000000014100000, 0x0000000015900000)

Polling page: 0x0000000000930000

CodeCache: size=245760Kb used=13429Kb max_used=13575Kb free=232330Kb
 bounds [0x0000000002830000, 0x0000000003580000, 0x0000000011830000]
 total_blobs=4685 nmethods=3921 adapters=677
 compilation: enabled

Compilation events (10 events):
Event: 13.511 Thread 0x000000001840a000 nmethod 4340 0x0000000002a06a10 code [0x0000000002a06ba0, 0x0000000002a06e18]
Event: 13.511 Thread 0x000000001840a000 4341       3       jdk.internal.org.objectweb.asm.MethodVisitor::visitVarInsn (17 bytes)
Event: 13.511 Thread 0x000000001840a000 nmethod 4341 0x0000000002a4e050 code [0x0000000002a4e1c0, 0x0000000002a4e428]
Event: 13.519 Thread 0x000000001840a000 4342       3       com.google.common.collect.AbstractIndexedListIterator::hasNext (17 bytes)
Event: 13.519 Thread 0x000000001840a000 nmethod 4342 0x0000000002cad710 code [0x0000000002cad860, 0x0000000002cada10]
Event: 13.523 Thread 0x0000000018407000 4343       4       java.util.jar.Manifest::getTrustedAttributes (57 bytes)
Event: 13.524 Thread 0x000000001840a000 4344       3       java.lang.Enum::hashCode (5 bytes)
Event: 13.524 Thread 0x000000001840a000 nmethod 4344 0x0000000002cf5e50 code [0x0000000002cf5fc0, 0x0000000002cf6148]
Event: 13.526 Thread 0x000000001840a000 4345       3       com.google.common.collect.Hashing::smear (19 bytes)
Event: 13.526 Thread 0x000000001840a000 nmethod 4345 0x000000000296fc10 code [0x000000000296fd60, 0x000000000296ff30]

GC Heap History (10 events):
Event: 5.056 GC heap before
{Heap before GC invocations=5 (full 1):
 PSYoungGen      total 76288K, used 65536K [0x00000000e0000000, 0x00000000e5500000, 0x0000000100000000)
  eden space 65536K, 100% used [0x00000000e0000000,0x00000000e4000000,0x00000000e4000000)
  from space 10752K, 0% used [0x00000000e4000000,0x00000000e4000000,0x00000000e4a80000)
  to   space 10752K, 0% used [0x00000000e4a80000,0x00000000e4a80000,0x00000000e5500000)
 ParOldGen       total 115712K, used 11833K [0x00000000a0000000, 0x00000000a7100000, 0x00000000e0000000)
  object space 115712K, 10% used [0x00000000a0000000,0x00000000a0b8e6e0,0x00000000a7100000)
 Metaspace       used 28311K, capacity 28962K, committed 29312K, reserved 1075200K
  class space    used 3896K, capacity 4100K, committed 4224K, reserved 1048576K
Event: 5.061 GC heap after
Heap after GC invocations=5 (full 1):
 PSYoungGen      total 76288K, used 7696K [0x00000000e0000000, 0x00000000e7000000, 0x0000000100000000)
  eden space 65536K, 0% used [0x00000000e0000000,0x00000000e0000000,0x00000000e4000000)
  from space 10752K, 71% used [0x00000000e4a80000,0x00000000e5204200,0x00000000e5500000)
  to   space 10752K, 0% used [0x00000000e4000000,0x00000000e4000000,0x00000000e4a80000)
 ParOldGen       total 115712K, used 11841K [0x00000000a0000000, 0x00000000a7100000, 0x00000000e0000000)
  object space 115712K, 10% used [0x00000000a0000000,0x00000000a0b906e0,0x00000000a7100000)
 Metaspace       used 28311K, capacity 28962K, committed 29312K, reserved 1075200K
  class space    used 3896K, capacity 4100K, committed 4224K, reserved 1048576K
}
Event: 6.954 GC heap before
{Heap before GC invocations=6 (full 1):
 PSYoungGen      total 76288K, used 73232K [0x00000000e0000000, 0x00000000e7000000, 0x0000000100000000)
  eden space 65536K, 100% used [0x00000000e0000000,0x00000000e4000000,0x00000000e4000000)
  from space 10752K, 71% used [0x00000000e4a80000,0x00000000e5204200,0x00000000e5500000)
  to   space 10752K, 0% used [0x00000000e4000000,0x00000000e4000000,0x00000000e4a80000)
 ParOldGen       total 115712K, used 11841K [0x00000000a0000000, 0x00000000a7100000, 0x00000000e0000000)
  object space 115712K, 10% used [0x00000000a0000000,0x00000000a0b906e0,0x00000000a7100000)
 Metaspace       used 32066K, capacity 32866K, committed 33152K, reserved 1077248K
  class space    used 4474K, capacity 4702K, committed 4736K, reserved 1048576K
Event: 6.963 GC heap after
Heap after GC invocations=6 (full 1):
 PSYoungGen      total 76288K, used 10000K [0x00000000e0000000, 0x00000000e7400000, 0x0000000100000000)
  eden space 65536K, 0% used [0x00000000e0000000,0x00000000e0000000,0x00000000e4000000)
  from space 10752K, 93% used [0x00000000e4000000,0x00000000e49c4058,0x00000000e4a80000)
  to   space 13312K, 0% used [0x00000000e6700000,0x00000000e6700000,0x00000000e7400000)
 ParOldGen       total 115712K, used 11849K [0x00000000a0000000, 0x00000000a7100000, 0x00000000e0000000)
  object space 115712K, 10% used [0x00000000a0000000,0x00000000a0b926e0,0x00000000a7100000)
 Metaspace       used 32066K, capacity 32866K, committed 33152K, reserved 1077248K
  class space    used 4474K, capacity 4702K, committed 4736K, reserved 1048576K
}
Event: 8.667 GC heap before
{Heap before GC invocations=7 (full 1):
 PSYoungGen      total 76288K, used 52778K [0x00000000e0000000, 0x00000000e7400000, 0x0000000100000000)
  eden space 65536K, 65% used [0x00000000e0000000,0x00000000e29c6b50,0x00000000e4000000)
  from space 10752K, 93% used [0x00000000e4000000,0x00000000e49c4058,0x00000000e4a80000)
  to   space 13312K, 0% used [0x00000000e6700000,0x00000000e6700000,0x00000000e7400000)
 ParOldGen       total 115712K, used 11849K [0x00000000a0000000, 0x00000000a7100000, 0x00000000e0000000)
  object space 115712K, 10% used [0x00000000a0000000,0x00000000a0b926e0,0x00000000a7100000)
 Metaspace       used 34497K, capacity 35412K, committed 35456K, reserved 1079296K
  class space    used 4763K, capacity 4960K, committed 4992K, reserved 1048576K
Event: 8.676 GC heap after
Heap after GC invocations=7 (full 1):
 PSYoungGen      total 104448K, used 10335K [0x00000000e0000000, 0x00000000e7380000, 0x0000000100000000)
  eden space 91648K, 0% used [0x00000000e0000000,0x00000000e0000000,0x00000000e5980000)
  from space 12800K, 80% used [0x00000000e6700000,0x00000000e7117c18,0x00000000e7380000)
  to   space 13312K, 0% used [0x00000000e5980000,0x00000000e5980000,0x00000000e6680000)
 ParOldGen       total 115712K, used 11857K [0x00000000a0000000, 0x00000000a7100000, 0x00000000e0000000)
  object space 115712K, 10% used [0x00000000a0000000,0x00000000a0b946e0,0x00000000a7100000)
 Metaspace       used 34497K, capacity 35412K, committed 35456K, reserved 1079296K
  class space    used 4763K, capacity 4960K, committed 4992K, reserved 1048576K
}
Event: 8.676 GC heap before
{Heap before GC invocations=8 (full 2):
 PSYoungGen      total 104448K, used 10335K [0x00000000e0000000, 0x00000000e7380000, 0x0000000100000000)
  eden space 91648K, 0% used [0x00000000e0000000,0x00000000e0000000,0x00000000e5980000)
  from space 12800K, 80% used [0x00000000e6700000,0x00000000e7117c18,0x00000000e7380000)
  to   space 13312K, 0% used [0x00000000e5980000,0x00000000e5980000,0x00000000e6680000)
 ParOldGen       total 115712K, used 11857K [0x00000000a0000000, 0x00000000a7100000, 0x00000000e0000000)
  object space 115712K, 10% used [0x00000000a0000000,0x00000000a0b946e0,0x00000000a7100000)
 Metaspace       used 34497K, capacity 35412K, committed 35456K, reserved 1079296K
  class space    used 4763K, capacity 4960K, committed 4992K, reserved 1048576K
Event: 8.746 GC heap after
Heap after GC invocations=8 (full 2):
 PSYoungGen      total 104448K, used 0K [0x00000000e0000000, 0x00000000e7380000, 0x0000000100000000)
  eden space 91648K, 0% used [0x00000000e0000000,0x00000000e0000000,0x00000000e5980000)
  from space 12800K, 0% used [0x00000000e6700000,0x00000000e6700000,0x00000000e7380000)
  to   space 13312K, 0% used [0x00000000e5980000,0x00000000e5980000,0x00000000e6680000)
 ParOldGen       total 115712K, used 17436K [0x00000000a0000000, 0x00000000a7100000, 0x00000000e0000000)
  object space 115712K, 15% used [0x00000000a0000000,0x00000000a11072a0,0x00000000a7100000)
 Metaspace       used 34497K, capacity 35412K, committed 35456K, reserved 1079296K
  class space    used 4763K, capacity 4960K, committed 4992K, reserved 1048576K
}
Event: 12.852 GC heap before
{Heap before GC invocations=9 (full 2):
 PSYoungGen      total 104448K, used 91648K [0x00000000e0000000, 0x00000000e7380000, 0x0000000100000000)
  eden space 91648K, 100% used [0x00000000e0000000,0x00000000e5980000,0x00000000e5980000)
  from space 12800K, 0% used [0x00000000e6700000,0x00000000e6700000,0x00000000e7380000)
  to   space 13312K, 0% used [0x00000000e5980000,0x00000000e5980000,0x00000000e6680000)
 ParOldGen       total 115712K, used 17436K [0x00000000a0000000, 0x00000000a7100000, 0x00000000e0000000)
  object space 115712K, 15% used [0x00000000a0000000,0x00000000a11072a0,0x00000000a7100000)
 Metaspace       used 43458K, capacity 44862K, committed 44928K, reserved 1087488K
  class space    used 5916K, capacity 6216K, committed 6272K, reserved 1048576K
Event: 12.861 GC heap after
Heap after GC invocations=9 (full 2):
 PSYoungGen      total 104960K, used 12354K [0x00000000e0000000, 0x00000000e9080000, 0x0000000100000000)
  eden space 91648K, 0% used [0x00000000e0000000,0x00000000e0000000,0x00000000e5980000)
  from space 13312K, 92% used [0x00000000e5980000,0x00000000e6590978,0x00000000e6680000)
  to   space 14336K, 0% used [0x00000000e8280000,0x00000000e8280000,0x00000000e9080000)
 ParOldGen       total 115712K, used 17444K [0x00000000a0000000, 0x00000000a7100000, 0x00000000e0000000)
  object space 115712K, 15% used [0x00000000a0000000,0x00000000a11092a0,0x00000000a7100000)
 Metaspace       used 43458K, capacity 44862K, committed 44928K, reserved 1087488K
  class space    used 5916K, capacity 6216K, committed 6272K, reserved 1048576K
}

Deoptimization events (10 events):
Event: 12.797 Thread 0x000000001a8e2000 Uncommon trap: reason=unstable_if action=reinterpret pc=0x0000000003354190 method=java.util.LinkedHashMap.get(Ljava/lang/Object;)Ljava/lang/Object; @ 20
Event: 12.820 Thread 0x000000001a8e2000 Uncommon trap: reason=unstable_if action=reinterpret pc=0x000000000324e928 method=java.util.jar.JarFile.maybeInstantiateVerifier()V @ 4
Event: 12.851 Thread 0x000000001a8e2000 Uncommon trap: reason=unstable_if action=reinterpret pc=0x00000000030ce9a4 method=org.objectweb.asm.ByteVector.putUTF8(Ljava/lang/String;)Lorg/objectweb/asm/ByteVector; @ 93
Event: 12.953 Thread 0x000000001a8e2000 Uncommon trap: reason=unstable_if action=reinterpret pc=0x0000000003477f50 method=java.util.concurrent.ConcurrentHashMap.addCount(JI)V @ 110
Event: 12.958 Thread 0x000000001a8e2000 Uncommon trap: reason=unstable_if action=reinterpret pc=0x0000000003050830 method=org.objectweb.asm.ByteVector.putUTF8(Ljava/lang/String;)Lorg/objectweb/asm/ByteVector; @ 93
Event: 12.977 Thread 0x000000001a8e2000 Uncommon trap: reason=null_check action=make_not_entrant pc=0x00000000029e5110 method=java.lang.ThreadLocal$ThreadLocalMap.getEntryAfterMiss(Ljava/lang/ThreadLocal;ILjava/lang/ThreadLocal$ThreadLocalMap$Entry;)Ljava/lang/ThreadLocal$ThreadLocalMap$Entry; 
Event: 12.984 Thread 0x000000001a8e2000 Uncommon trap: reason=unstable_if action=reinterpret pc=0x00000000034737b4 method=java.util.concurrent.ConcurrentHashMap.addCount(JI)V @ 110
Event: 13.220 Thread 0x000000001a8e2000 Uncommon trap: reason=unstable_if action=reinterpret pc=0x00000000034c9b3c method=org.gradle.internal.reflect.PropertyAccessorType.of(Ljava/lang/reflect/Method;)Lorg/gradle/internal/reflect/PropertyAccessorType; @ 56
Event: 13.242 Thread 0x000000001a8e2000 Uncommon trap: reason=unstable_if action=reinterpret pc=0x000000000340b18c method=groovy.lang.MetaClassImpl.filterPropertyMethod(Ljava/lang/Object;ZZ)Ljava/lang/Object; @ 72
Event: 13.412 Thread 0x000000001a8e2000 Uncommon trap: reason=unstable_if action=reinterpret pc=0x0000000002be5418 method=org.gradle.internal.instantiation.AbstractClassGenerator$InjectionAnnotationValidator.validateMethod(Ljava/lang/reflect/Method;Lorg/gradle/internal/reflect/PropertyAccessorT

Classes redefined (0 events):
No events

Internal exceptions (10 events):
Event: 13.324 Thread 0x000000001a8e2000 Exception <a 'java/lang/ClassNotFoundException': build_fr723i6sde8ryho3y3tj1trp$_run_closure1BeanInfo> (0x00000000e2adaaf0) thrown at [D:\src\AOSP-openjdk-cygwin\jdk8u\hotspot\src\share\vm\classfile\systemDictionary.cpp, line 210]
Event: 13.325 Thread 0x000000001a8e2000 Exception <a 'java/lang/ClassNotFoundException': build_fr723i6sde8ryho3y3tj1trp$_run_closure1Customizer> (0x00000000e2aeb878) thrown at [D:\src\AOSP-openjdk-cygwin\jdk8u\hotspot\src\share\vm\classfile\systemDictionary.cpp, line 210]
Event: 13.335 Thread 0x000000001a8e2000 Exception <a 'java/lang/ClassNotFoundException': org/gradle/api/internal/file/collections/DefaultConfigurableFileTreeBeanInfo> (0x00000000e2c80268) thrown at [D:\src\AOSP-openjdk-cygwin\jdk8u\hotspot\src\share\vm\classfile\systemDictionary.cpp, line 210]
Event: 13.336 Thread 0x000000001a8e2000 Exception <a 'java/lang/ClassNotFoundException': org/gradle/api/internal/file/CompositeFileTreeBeanInfo> (0x00000000e2cb3cf0) thrown at [D:\src\AOSP-openjdk-cygwin\jdk8u\hotspot\src\share\vm\classfile\systemDictionary.cpp, line 210]
Event: 13.336 Thread 0x000000001a8e2000 Exception <a 'java/lang/ClassNotFoundException': org/gradle/api/internal/file/CompositeFileCollectionBeanInfo> (0x00000000e2cec210) thrown at [D:\src\AOSP-openjdk-cygwin\jdk8u\hotspot\src\share\vm\classfile\systemDictionary.cpp, line 210]
Event: 13.337 Thread 0x000000001a8e2000 Exception <a 'java/lang/ClassNotFoundException': org/gradle/api/internal/file/AbstractFileCollectionBeanInfo> (0x00000000e2d23c58) thrown at [D:\src\AOSP-openjdk-cygwin\jdk8u\hotspot\src\share\vm\classfile\systemDictionary.cpp, line 210]
Event: 13.337 Thread 0x000000001a8e2000 Exception <a 'java/lang/ClassNotFoundException': org/gradle/api/internal/file/AbstractFileCollectionCustomizer> (0x00000000e2d5c168) thrown at [D:\src\AOSP-openjdk-cygwin\jdk8u\hotspot\src\share\vm\classfile\systemDictionary.cpp, line 210]
Event: 13.339 Thread 0x000000001a8e2000 Exception <a 'java/lang/ClassNotFoundException': org/gradle/api/internal/file/CompositeFileCollectionCustomizer> (0x00000000e2da1c98) thrown at [D:\src\AOSP-openjdk-cygwin\jdk8u\hotspot\src\share\vm\classfile\systemDictionary.cpp, line 210]
Event: 13.340 Thread 0x000000001a8e2000 Exception <a 'java/lang/ClassNotFoundException': org/gradle/api/internal/file/CompositeFileTreeCustomizer> (0x00000000e2de6188) thrown at [D:\src\AOSP-openjdk-cygwin\jdk8u\hotspot\src\share\vm\classfile\systemDictionary.cpp, line 210]
Event: 13.341 Thread 0x000000001a8e2000 Exception <a 'java/lang/ClassNotFoundException': org/gradle/api/internal/file/collections/DefaultConfigurableFileTreeCustomizer> (0x00000000e2e33e70) thrown at [D:\src\AOSP-openjdk-cygwin\jdk8u\hotspot\src\share\vm\classfile\systemDictionary.cpp, line 210

Events (10 events):
Event: 13.526 loading class com/android/build/gradle/internal/publishing/PublishingSpecs$Companion$2 done
Event: 13.527 Thread 0x000000001840a000 flushing nmethod 0x0000000002e4fd10
Event: 13.527 Thread 0x000000001840a000 flushing nmethod 0x0000000002e85310
Event: 13.527 Thread 0x000000001840a000 flushing nmethod 0x0000000002ea0450
Event: 13.527 Thread 0x000000001840a000 flushing nmethod 0x0000000002ea1950
Event: 13.527 Thread 0x000000001840a000 flushing nmethod 0x0000000002ea3390
Event: 13.527 Thread 0x000000001840a000 flushing nmethod 0x0000000002eb2fd0
Event: 13.527 Thread 0x000000001840a000 flushing nmethod 0x0000000002eb5590
Event: 13.527 loading class com/android/build/gradle/internal/publishing/PublishingSpecs$Companion$2$1
Event: 13.527 loading class com/android/build/gradle/internal/publishing/PublishingSpecs$Companion$2$1 done


Dynamic libraries:
0x00007ff624720000 - 0x00007ff624751000 	C:\Program Files\Android\Android Studio\jre\bin\java.exe
0x00007ff87af80000 - 0x00007ff87b170000 	C:\WINDOWS\SYSTEM32\ntdll.dll
0x00007ff87ab00000 - 0x00007ff87abb2000 	C:\WINDOWS\System32\KERNEL32.DLL
0x00007ff878d80000 - 0x00007ff879025000 	C:\WINDOWS\System32\KERNELBASE.dll
0x00007ff87ae70000 - 0x00007ff87af13000 	C:\WINDOWS\System32\ADVAPI32.dll
0x00007ff879bb0000 - 0x00007ff879c4e000 	C:\WINDOWS\System32\msvcrt.dll
0x00007ff87add0000 - 0x00007ff87ae67000 	C:\WINDOWS\System32\sechost.dll
0x00007ff879180000 - 0x00007ff8792a0000 	C:\WINDOWS\System32\RPCRT4.dll
0x00007ff87abd0000 - 0x00007ff87ad64000 	C:\WINDOWS\System32\USER32.dll
0x00007ff877ef0000 - 0x00007ff877f11000 	C:\WINDOWS\System32\win32u.dll
0x00007ff879b00000 - 0x00007ff879b26000 	C:\WINDOWS\System32\GDI32.dll
0x00007ff877f20000 - 0x00007ff8780b6000 	C:\WINDOWS\System32\gdi32full.dll
0x00007ff878ce0000 - 0x00007ff878d7e000 	C:\WINDOWS\System32\msvcp_win.dll
0x00007ff878970000 - 0x00007ff878a6a000 	C:\WINDOWS\System32\ucrtbase.dll
0x00007ff8700f0000 - 0x00007ff870374000 	C:\WINDOWS\WinSxS\amd64_microsoft.windows.common-controls_6595b64144ccf1df_6.0.18362.1256_none_9e7e379be45e40e2\COMCTL32.dll
0x00007ff8792a0000 - 0x00007ff8795d6000 	C:\WINDOWS\System32\combase.dll
0x00007ff8780c0000 - 0x00007ff878141000 	C:\WINDOWS\System32\bcryptPrimitives.dll
0x00007ff879ef0000 - 0x00007ff879f1e000 	C:\WINDOWS\System32\IMM32.DLL
0x000000005e0b0000 - 0x000000005e182000 	C:\Program Files\Android\Android Studio\jre\jre\bin\msvcr100.dll
0x000000005e190000 - 0x000000005e9d6000 	C:\Program Files\Android\Android Studio\jre\jre\bin\server\jvm.dll
0x00007ff879170000 - 0x00007ff879178000 	C:\WINDOWS\System32\PSAPI.DLL
0x00007ff875f70000 - 0x00007ff875f94000 	C:\WINDOWS\SYSTEM32\WINMM.dll
0x00007ff867540000 - 0x00007ff867549000 	C:\WINDOWS\SYSTEM32\WSOCK32.dll
0x00007ff872b70000 - 0x00007ff872b7a000 	C:\WINDOWS\SYSTEM32\VERSION.dll
0x00007ff879100000 - 0x00007ff87916f000 	C:\WINDOWS\System32\WS2_32.dll
0x00007ff875dd0000 - 0x00007ff875dfd000 	C:\WINDOWS\SYSTEM32\winmmbase.dll
0x00007ff878c70000 - 0x00007ff878cba000 	C:\WINDOWS\System32\cfgmgr32.dll
0x00007ff869640000 - 0x00007ff86964f000 	C:\Program Files\Android\Android Studio\jre\jre\bin\verify.dll
0x00007ff85c620000 - 0x00007ff85c649000 	C:\Program Files\Android\Android Studio\jre\jre\bin\java.dll
0x00007ff859fe0000 - 0x00007ff859ff6000 	C:\Program Files\Android\Android Studio\jre\jre\bin\zip.dll
0x00007ff879f20000 - 0x00007ff87a607000 	C:\WINDOWS\System32\SHELL32.dll
0x00007ff8795e0000 - 0x00007ff879689000 	C:\WINDOWS\System32\shcore.dll
0x00007ff878150000 - 0x00007ff8788d1000 	C:\WINDOWS\System32\windows.storage.dll
0x00007ff877e30000 - 0x00007ff877e53000 	C:\WINDOWS\System32\profapi.dll
0x00007ff877e60000 - 0x00007ff877eaa000 	C:\WINDOWS\System32\powrprof.dll
0x00007ff877e20000 - 0x00007ff877e30000 	C:\WINDOWS\System32\UMPDC.dll
0x00007ff87a610000 - 0x00007ff87a662000 	C:\WINDOWS\System32\shlwapi.dll
0x00007ff877ed0000 - 0x00007ff877ee1000 	C:\WINDOWS\System32\kernel.appcore.dll
0x00007ff878cc0000 - 0x00007ff878cd7000 	C:\WINDOWS\System32\cryptsp.dll
0x00007ff8593a0000 - 0x00007ff8593ba000 	C:\Program Files\Android\Android Studio\jre\jre\bin\net.dll
0x00007ff877670000 - 0x00007ff8776d7000 	C:\WINDOWS\system32\mswsock.dll
0x00007ff857430000 - 0x00007ff857441000 	C:\Program Files\Android\Android Studio\jre\jre\bin\nio.dll
0x00007ff8537b0000 - 0x00007ff8537d6000 	C:\Users\Filipe\.gradle\native\29\windows-amd64\native-platform.dll
0x00007ff85eca0000 - 0x00007ff85ecad000 	C:\Program Files\Android\Android Studio\jre\jre\bin\management.dll
0x00007ff8771e0000 - 0x00007ff877213000 	C:\WINDOWS\system32\rsaenh.dll
0x00007ff878940000 - 0x00007ff878966000 	C:\WINDOWS\System32\bcrypt.dll
0x00007ff877d40000 - 0x00007ff877d65000 	C:\WINDOWS\SYSTEM32\USERENV.dll
0x00007ff877840000 - 0x00007ff87784c000 	C:\WINDOWS\SYSTEM32\CRYPTBASE.dll
0x00007ff877380000 - 0x00007ff8773ba000 	C:\WINDOWS\SYSTEM32\IPHLPAPI.DLL
0x00007ff87aaf0000 - 0x00007ff87aaf8000 	C:\WINDOWS\System32\NSI.dll
0x00007ff872590000 - 0x00007ff8725a6000 	C:\WINDOWS\SYSTEM32\dhcpcsvc6.DLL
0x00007ff872450000 - 0x00007ff87246c000 	C:\WINDOWS\SYSTEM32\dhcpcsvc.DLL
0x00007ff8773c0000 - 0x00007ff87748b000 	C:\WINDOWS\SYSTEM32\DNSAPI.dll

VM Arguments:
jvm_args: -Xmx1536m -Dfile.encoding=windows-1252 -Duser.country=BR -Duser.language=pt -Duser.variant 
java_command: org.gradle.launcher.daemon.bootstrap.GradleDaemon 5.4.1
java_class_path (initial): C:\Users\Filipe\.gradle\wrapper\dists\gradle-5.4.1-all\3221gyojl5jsh0helicew7rwx\gradle-5.4.1\lib\gradle-launcher-5.4.1.jar
Launcher Type: SUN_STANDARD

Environment Variables:
JAVA_HOME=C:\Program Files\Java\jdk1.8.0_221
PATH=C:\Program Files (x86)\Common Files\Oracle\Java\javapath;C:\Program Files\Microsoft MPI\Bin\;C:\Program Files (x86)\NVIDIA Corporation\PhysX\Common;C:\WINDOWS\system32;C:\WINDOWS;C:\WINDOWS\System32\Wbem;C:\WINDOWS\System32\WindowsPowerShell\v1.0\;C:\WINDOWS\System32\OpenSSH\;C:\Program Files\nodejs\;C:\Program Files\dotnet\;C:\Program Files\Microsoft SQL Server\130\Tools\Binn\;C:\Program Files\Microsoft SQL Server\Client SDK\ODBC\170\Tools\Binn\;C:\Program Files\Microsoft SQL Server\Client SDK\ODBC\130\Tools\Binn\;C:\Program Files (x86)\Microsoft SQL Server\140\Tools\Binn\;C:\Program Files\Microsoft SQL Server\140\Tools\Binn\;C:\Program Files\Microsoft SQL Server\140\DTS\Binn\;C:\Program Files (x86)\Microsoft SQL Server\150\DTS\Binn\;C:\Program Files\Redis\;C:\Program Files\Git\cmd;C:\Program Files\PuTTY\;%JAVA_HOME%;C:\Gradle\bin;C:\Users\Filipe\AppData\Local\Microsoft\WindowsApps;C:\Users\Filipe\AppData\Roaming\npm;D:\Instaladores\FFmpeg\ffmpeg-20200620-29ea4e1-win64-static\bin;C:\Program Files\heroku\bin;C:\Users\Filipe\AppData\Local\atom\bin;C:\flutter\bin;C:\Users\Filipe\AppData\Local\Programs\Microsoft VS Code\bin
USERNAME=Filipe
OS=Windows_NT
PROCESSOR_IDENTIFIER=Intel64 Family 6 Model 42 Stepping 7, GenuineIntel



---------------  S Y S T E M  ---------------

OS: Windows 10.0 , 64 bit Build 18362 (10.0.18362.1110)

CPU:total 8 (initial active 8) (4 cores per cpu, 2 threads per core) family 6 model 42 stepping 7, cmov, cx8, fxsr, mmx, sse, sse2, sse3, ssse3, sse4.1, sse4.2, popcnt, avx, aes, clmul, ht, tsc, tscinvbit

Memory: 4k page, physical 16650224k(5360492k free), swap 16650224k(5244k free)

vm_info: OpenJDK 64-Bit Server VM (25.202-b03) for windows-amd64 JRE (1.8.0_202-release-1483-b03), built by "builder" with MS VC++ 10.0 (VS2010)

time: Wed Dec 30 16:09:52 2020
timezone: Hora Padrão Brasil Central
elapsed time: 13 seconds (0d 0h 0m 13s)

