#
# There is insufficient memory for the Java Runtime Environment to continue.
# Native memory allocation (malloc) failed to allocate 1368656 bytes for Chunk::new
# Possible reasons:
#   The system is out of physical RAM or swap space
#   The process is running with CompressedOops enabled, and the Java Heap may be blocking the growth of the native heap
# Possible solutions:
#   Reduce memory load on the system
#   Increase physical memory or swap space
#   Check if swap backing store is full
#   Decrease Java heap size (-Xmx/-Xms)
#   Decrease number of Java threads
#   Decrease Java thread stack sizes (-Xss)
#   Set larger code cache with -XX:ReservedCodeCacheSize=
#   JVM is running with Unscaled Compressed Oops mode in which the Java heap is
#     placed in the first 4GB address space. The Java Heap base address is the
#     maximum limit for the native heap growth. Please use -XX:HeapBaseMinAddress
#     to set the Java Heap base and to place the Java Heap above 4GB virtual address.
# This output file may be truncated or incomplete.
#
#  Out of Memory Error (allocation.cpp:389), pid=12872, tid=0x0000000000002ea0
#
# JRE version: OpenJDK Runtime Environment (8.0_202-b03) (build 1.8.0_202-release-1483-b03)
# Java VM: OpenJDK 64-Bit Server VM (25.202-b03 mixed mode windows-amd64 compressed oops)
# Failed to write core dump. Minidumps are not enabled by default on client versions of Windows
#

---------------  T H R E A D  ---------------

Current thread (0x00000000187d4800):  JavaThread "C2 CompilerThread1" daemon [_thread_in_native, id=11936, stack(0x00000000191b0000,0x00000000192b0000)]

Stack: [0x00000000191b0000,0x00000000192b0000]
[error occurred during error reporting (printing stack bounds), id 0xc0000005]

Native frames: (J=compiled Java code, j=interpreted, Vv=VM code, C=native code)


Current CompileTask:
C2:   7266 5579 %     4       org.gradle.internal.instantiation.AbstractClassGenerator::inspectType @ 107 (559 bytes)


---------------  P R O C E S S  ---------------

Java Threads: ( => current thread )
  0x000000001f95a800 JavaThread "Cache worker for execution history cache (D:\Projetos\Projetos Android\CasaMaisImoveis\.gradle\5.4.1\executionHistory)" [_thread_blocked, id=7220, stack(0x00000000266a0000,0x00000000267a0000)]
  0x000000001f956000 JavaThread "Execution worker for ':' Thread 7" [_thread_blocked, id=8460, stack(0x00000000265a0000,0x00000000266a0000)]
  0x000000001f95c000 JavaThread "Execution worker for ':' Thread 6" [_thread_blocked, id=8272, stack(0x00000000264a0000,0x00000000265a0000)]
  0x0000000021205000 JavaThread "Execution worker for ':' Thread 5" [_thread_in_native, id=13924, stack(0x00000000263a0000,0x00000000264a0000)]
  0x0000000021204000 JavaThread "Execution worker for ':' Thread 4" [_thread_blocked, id=11820, stack(0x00000000262a0000,0x00000000263a0000)]
  0x00000000211fc800 JavaThread "Execution worker for ':' Thread 3" [_thread_blocked, id=14560, stack(0x0000000025f90000,0x0000000026090000)]
  0x00000000211ff800 JavaThread "Execution worker for ':' Thread 2" [_thread_blocked, id=10096, stack(0x0000000025e90000,0x0000000025f90000)]
  0x00000000211fe000 JavaThread "Execution worker for ':'" [_thread_blocked, id=12792, stack(0x0000000025d90000,0x0000000025e90000)]
  0x0000000021203800 JavaThread "Cache worker for file content cache (D:\Projetos\Projetos Android\CasaMaisImoveis\.gradle\5.4.1\fileContent)" [_thread_blocked, id=3712, stack(0x00000000253d0000,0x00000000254d0000)]
  0x0000000021202800 JavaThread "Cache worker for file content cache (C:\Users\Filipe\.gradle\caches\5.4.1\fileContent)" [_thread_blocked, id=6936, stack(0x00000000252d0000,0x00000000253d0000)]
  0x0000000021202000 JavaThread "Memory manager" [_thread_blocked, id=12280, stack(0x0000000023de0000,0x0000000023ee0000)]
  0x00000000211fd800 JavaThread "Cache worker for Build Output Cleanup Cache (D:\Projetos\Projetos Android\CasaMaisImoveis\.gradle\buildOutputCleanup)" [_thread_blocked, id=9448, stack(0x0000000023ae0000,0x0000000023be0000)]
  0x0000000021200800 JavaThread "pool-1-thread-1" [_thread_blocked, id=12328, stack(0x0000000022680000,0x0000000022780000)]
  0x0000000021201000 JavaThread "Build operations Thread 8" [_thread_blocked, id=10320, stack(0x00000000233e0000,0x00000000234e0000)]
  0x00000000211f9800 JavaThread "Build operations Thread 7" [_thread_blocked, id=6424, stack(0x00000000232e0000,0x00000000233e0000)]
  0x00000000211f6800 JavaThread "Build operations Thread 6" [_thread_blocked, id=9116, stack(0x00000000231e0000,0x00000000232e0000)]
  0x00000000211fa800 JavaThread "Build operations Thread 5" [_thread_blocked, id=10600, stack(0x00000000230e0000,0x00000000231e0000)]
  0x00000000211f7800 JavaThread "Build operations Thread 4" [_thread_blocked, id=3876, stack(0x0000000022fe0000,0x00000000230e0000)]
  0x00000000211fb000 JavaThread "Build operations Thread 3" [_thread_blocked, id=6772, stack(0x0000000022ee0000,0x0000000022fe0000)]
  0x00000000211f6000 JavaThread "Build operations Thread 2" [_thread_blocked, id=9568, stack(0x0000000022de0000,0x0000000022ee0000)]
  0x00000000211f8000 JavaThread "Build operations" [_thread_blocked, id=8168, stack(0x0000000022ce0000,0x0000000022de0000)]
  0x00000000211f9000 JavaThread "Cache worker for execution history cache (C:\Users\Filipe\.gradle\caches\5.4.1\executionHistory)" [_thread_blocked, id=968, stack(0x00000000227c0000,0x00000000228c0000)]
  0x000000001c22a000 JavaThread "Cache worker for cache directory md-rule (C:\Users\Filipe\.gradle\caches\5.4.1\md-rule)" [_thread_blocked, id=5620, stack(0x00000000212d0000,0x00000000213d0000)]
  0x000000001c229000 JavaThread "Cache worker for cache directory md-supplier (C:\Users\Filipe\.gradle\caches\5.4.1\md-supplier)" [_thread_blocked, id=4104, stack(0x0000000020190000,0x0000000020290000)]
  0x000000001c227000 JavaThread "Cache worker for file hash cache (D:\Projetos\Projetos Android\CasaMaisImoveis\.gradle\5.4.1\fileHashes)" [_thread_blocked, id=7164, stack(0x000000001e8c0000,0x000000001e9c0000)]
  0x000000001c225800 JavaThread "Cache worker for journal cache (C:\Users\Filipe\.gradle\caches\journal-1)" [_thread_blocked, id=3172, stack(0x000000001d3f0000,0x000000001d4f0000)]
  0x000000001c224000 JavaThread "File lock request listener" [_thread_in_native, id=13108, stack(0x000000001d2f0000,0x000000001d3f0000)]
  0x000000001abb5800 JavaThread "Cache worker for file hash cache (C:\Users\Filipe\.gradle\caches\5.4.1\fileHashes)" [_thread_blocked, id=10728, stack(0x000000001d1f0000,0x000000001d2f0000)]
  0x000000001ac1d800 JavaThread "Thread-9" [_thread_blocked, id=13488, stack(0x000000001c120000,0x000000001c220000)]
  0x000000001ac04800 JavaThread "Stdin handler" [_thread_blocked, id=8008, stack(0x000000001c020000,0x000000001c120000)]
  0x000000001ac01000 JavaThread "Asynchronous log dispatcher for DefaultDaemonConnection: socket connection from /127.0.0.1:63898 to /127.0.0.1:63899" [_thread_blocked, id=9368, stack(0x000000001be20000,0x000000001bf20000)]
  0x000000001ac1f000 JavaThread "Daemon worker" [_thread_blocked, id=2580, stack(0x000000001bd20000,0x000000001be20000)]
  0x000000001ac24800 JavaThread "Cancel handler" [_thread_blocked, id=15112, stack(0x000000001bc20000,0x000000001bd20000)]
  0x000000001aa6b800 JavaThread "Handler for socket connection from /127.0.0.1:63898 to /127.0.0.1:63899" [_thread_in_native, id=4988, stack(0x000000001b920000,0x000000001ba20000)]
  0x000000001aa68800 JavaThread "Daemon" [_thread_blocked, id=11484, stack(0x000000001b820000,0x000000001b920000)]
  0x000000001aa64000 JavaThread "Daemon periodic checks" [_thread_blocked, id=15016, stack(0x000000001b720000,0x000000001b820000)]
  0x000000001aa5f800 JavaThread "Incoming local TCP Connector on port 63898" [_thread_in_native, id=14652, stack(0x000000001b4c0000,0x000000001b5c0000)]
  0x000000001a92a000 JavaThread "Daemon health stats" [_thread_blocked, id=2288, stack(0x000000001ae80000,0x000000001af80000)]
  0x00000000187f3000 JavaThread "Service Thread" daemon [_thread_blocked, id=8236, stack(0x00000000194b0000,0x00000000195b0000)]
  0x00000000187d9000 JavaThread "C1 CompilerThread3" daemon [_thread_blocked, id=15264, stack(0x00000000193b0000,0x00000000194b0000)]
  0x00000000169ca000 JavaThread "C2 CompilerThread2" daemon [_thread_in_native, id=13212, stack(0x00000000192b0000,0x00000000193b0000)]
=>0x00000000187d4800 JavaThread "C2 CompilerThread1" daemon [_thread_in_native, id=11936, stack(0x00000000191b0000,0x00000000192b0000)]
  0x00000000187d1800 JavaThread "C2 CompilerThread0" daemon [_thread_in_native, id=6252, stack(0x00000000190b0000,0x00000000191b0000)]
  0x00000000187cc800 JavaThread "Attach Listener" daemon [_thread_blocked, id=13976, stack(0x0000000018fb0000,0x00000000190b0000)]
  0x00000000187c9800 JavaThread "Signal Dispatcher" daemon [_thread_blocked, id=12512, stack(0x0000000018eb0000,0x0000000018fb0000)]
  0x0000000002afe000 JavaThread "Finalizer" daemon [_thread_blocked, id=1820, stack(0x0000000018ca0000,0x0000000018da0000)]
  0x00000000169bc800 JavaThread "Reference Handler" daemon [_thread_blocked, id=9240, stack(0x0000000018ba0000,0x0000000018ca0000)]
  0x0000000002bfe800 JavaThread "main" [_thread_blocked, id=7076, stack(0x0000000002830000,0x0000000002930000)]

Other Threads:
  0x00000000169b6000 VMThread [stack: 0x00000000186a0000,0x00000000187a0000] [id=2080]
  0x00000000187f4000 WatcherThread [stack: 0x00000000195b0000,0x00000000196b0000] [id=12052]

VM state:not at safepoint (normal execution)

VM Mutex/Monitor currently owned by a thread: None

heap address: 0x00000000a0000000, size: 1536 MB, Compressed Oops mode: 32-bit
Narrow klass base: 0x0000000000000000, Narrow klass shift: 3
Compressed class space size: 1073741824 Address: 0x0000000100000000

Heap:
 PSYoungGen      total 208896K, used 103510K [0x00000000e0000000, 0x00000000f2f00000, 0x0000000100000000)
  eden space 187904K, 55% used [0x00000000e0000000,0x00000000e6515888,0x00000000eb780000)
  from space 20992K, 0% used [0x00000000eb780000,0x00000000eb780000,0x00000000ecc00000)
  to   space 20992K, 0% used [0x00000000f1a80000,0x00000000f1a80000,0x00000000f2f00000)
 ParOldGen       total 181248K, used 29593K [0x00000000a0000000, 0x00000000ab100000, 0x00000000e0000000)
  object space 181248K, 16% used [0x00000000a0000000,0x00000000a1ce6568,0x00000000ab100000)
 Metaspace       used 59754K, capacity 61954K, committed 62196K, reserved 1103872K
  class space    used 8150K, capacity 8610K, committed 8692K, reserved 1048576K

Card table byte_map: [0x0000000011fc0000,0x00000000122d0000] byte_map_base: 0x0000000011ac0000

Marking Bits: (ParMarkBitMap*) 0x0000000067b09f30
 Begin Bits: [0x0000000012cd0000, 0x00000000144d0000)
 End Bits:   [0x00000000144d0000, 0x0000000015cd0000)

Polling page: 0x0000000000a50000

CodeCache: size=245760Kb used=18704Kb max_used=18939Kb free=227055Kb
 bounds [0x0000000002c00000, 0x0000000003ea0000, 0x0000000011c00000]
 total_blobs=6813 nmethods=6021 adapters=705
 compilation: enabled

Compilation events (10 events):
Event: 7.213 Thread 0x00000000169ca000 nmethod 6761 0x00000000033df890 code [0x00000000033df9c0, 0x00000000033dfa38]
Event: 7.229 Thread 0x00000000169ca000 6812  s    4       sun.nio.fs.WindowsDirectoryStream$WindowsDirectoryIterator::hasNext (35 bytes)
Event: 7.242 Thread 0x00000000187d1800 nmethod 6780 0x0000000003272510 code [0x0000000003272780, 0x00000000032741e0]
Event: 7.242 Thread 0x00000000187d1800 6813   !   4       sun.nio.fs.WindowsDirectoryStream$WindowsDirectoryIterator::readNextEntry (192 bytes)
Event: 7.251 Thread 0x00000000169ca000 nmethod 6812 0x00000000034814d0 code [0x00000000034816e0, 0x0000000003482968]
Event: 7.251 Thread 0x00000000169ca000 6814       4       sun.nio.fs.WindowsNativeDispatcher::asNativeBuffer (84 bytes)
Event: 7.256 Thread 0x00000000187d1800 nmethod 6813 0x0000000003a4a750 code [0x0000000003a4a940, 0x0000000003a4b928]
Event: 7.256 Thread 0x00000000187d1800 6816   !   4       sun.nio.fs.WindowsPath::getPathForWin32Calls (138 bytes)
Event: 7.257 Thread 0x00000000187d1800 nmethod 6816 0x0000000003272190 code [0x00000000032722e0, 0x00000000032723b8]
Event: 7.257 Thread 0x00000000187d1800 6815       4       sun.nio.fs.WindowsPathParser::parse (384 bytes)

GC Heap History (10 events):
Event: 3.620 GC heap before
{Heap before GC invocations=8 (full 2):
 PSYoungGen      total 155648K, used 9058K [0x00000000e0000000, 0x00000000ede80000, 0x0000000100000000)
  eden space 142336K, 0% used [0x00000000e0000000,0x00000000e0000000,0x00000000e8b00000)
  from space 13312K, 68% used [0x00000000e9800000,0x00000000ea0d8b18,0x00000000ea500000)
  to   space 13312K, 0% used [0x00000000e8b00000,0x00000000e8b00000,0x00000000e9800000)
 ParOldGen       total 113152K, used 11565K [0x00000000a0000000, 0x00000000a6e80000, 0x00000000e0000000)
  object space 113152K, 10% used [0x00000000a0000000,0x00000000a0b4b798,0x00000000a6e80000)
 Metaspace       used 34650K, capacity 35464K, committed 35496K, reserved 1079296K
  class space    used 4793K, capacity 5013K, committed 5032K, reserved 1048576K
Event: 3.689 GC heap after
Heap after GC invocations=8 (full 2):
 PSYoungGen      total 155648K, used 0K [0x00000000e0000000, 0x00000000ede80000, 0x0000000100000000)
  eden space 142336K, 0% used [0x00000000e0000000,0x00000000e0000000,0x00000000e8b00000)
  from space 13312K, 0% used [0x00000000e9800000,0x00000000e9800000,0x00000000ea500000)
  to   space 13312K, 0% used [0x00000000e8b00000,0x00000000e8b00000,0x00000000e9800000)
 ParOldGen       total 181248K, used 16016K [0x00000000a0000000, 0x00000000ab100000, 0x00000000e0000000)
  object space 181248K, 8% used [0x00000000a0000000,0x00000000a0fa41d8,0x00000000ab100000)
 Metaspace       used 34617K, capacity 35350K, committed 35496K, reserved 1079296K
  class space    used 4783K, capacity 4994K, committed 5032K, reserved 1048576K
}
Event: 4.983 GC heap before
{Heap before GC invocations=9 (full 2):
 PSYoungGen      total 155648K, used 142336K [0x00000000e0000000, 0x00000000ede80000, 0x0000000100000000)
  eden space 142336K, 100% used [0x00000000e0000000,0x00000000e8b00000,0x00000000e8b00000)
  from space 13312K, 0% used [0x00000000e9800000,0x00000000e9800000,0x00000000ea500000)
  to   space 13312K, 0% used [0x00000000e8b00000,0x00000000e8b00000,0x00000000e9800000)
 ParOldGen       total 181248K, used 16016K [0x00000000a0000000, 0x00000000ab100000, 0x00000000e0000000)
  object space 181248K, 8% used [0x00000000a0000000,0x00000000a0fa41d8,0x00000000ab100000)
 Metaspace       used 48408K, capacity 49710K, committed 49960K, reserved 1091584K
  class space    used 6551K, capacity 6914K, committed 6952K, reserved 1048576K
Event: 4.997 GC heap after
Heap after GC invocations=9 (full 2):
 PSYoungGen      total 155648K, used 13299K [0x00000000e0000000, 0x00000000edc80000, 0x0000000100000000)
  eden space 142336K, 0% used [0x00000000e0000000,0x00000000e0000000,0x00000000e8b00000)
  from space 13312K, 99% used [0x00000000e8b00000,0x00000000e97fcc28,0x00000000e9800000)
  to   space 16896K, 0% used [0x00000000ecc00000,0x00000000ecc00000,0x00000000edc80000)
 ParOldGen       total 181248K, used 20728K [0x00000000a0000000, 0x00000000ab100000, 0x00000000e0000000)
  object space 181248K, 11% used [0x00000000a0000000,0x00000000a143e220,0x00000000ab100000)
 Metaspace       used 48408K, capacity 49710K, committed 49960K, reserved 1091584K
  class space    used 6551K, capacity 6914K, committed 6952K, reserved 1048576K
}
Event: 6.146 GC heap before
{Heap before GC invocations=10 (full 2):
 PSYoungGen      total 155648K, used 133910K [0x00000000e0000000, 0x00000000edc80000, 0x0000000100000000)
  eden space 142336K, 84% used [0x00000000e0000000,0x00000000e75c8c58,0x00000000e8b00000)
  from space 13312K, 99% used [0x00000000e8b00000,0x00000000e97fcc28,0x00000000e9800000)
  to   space 16896K, 0% used [0x00000000ecc00000,0x00000000ecc00000,0x00000000edc80000)
 ParOldGen       total 181248K, used 20728K [0x00000000a0000000, 0x00000000ab100000, 0x00000000e0000000)
  object space 181248K, 11% used [0x00000000a0000000,0x00000000a143e220,0x00000000ab100000)
 Metaspace       used 57469K, capacity 59212K, committed 59416K, reserved 1099776K
  class space    used 7807K, capacity 8227K, committed 8232K, reserved 1048576K
Event: 6.160 GC heap after
Heap after GC invocations=10 (full 2):
 PSYoungGen      total 204800K, used 16870K [0x00000000e0000000, 0x00000000ee300000, 0x0000000100000000)
  eden space 187904K, 0% used [0x00000000e0000000,0x00000000e0000000,0x00000000eb780000)
  from space 16896K, 99% used [0x00000000ecc00000,0x00000000edc79a10,0x00000000edc80000)
  to   space 20992K, 0% used [0x00000000eb780000,0x00000000eb780000,0x00000000ecc00000)
 ParOldGen       total 181248K, used 25028K [0x00000000a0000000, 0x00000000ab100000, 0x00000000e0000000)
  object space 181248K, 13% used [0x00000000a0000000,0x00000000a18713a8,0x00000000ab100000)
 Metaspace       used 57469K, capacity 59212K, committed 59416K, reserved 1099776K
  class space    used 7807K, capacity 8227K, committed 8232K, reserved 1048576K
}
Event: 6.210 GC heap before
{Heap before GC invocations=11 (full 2):
 PSYoungGen      total 204800K, used 24128K [0x00000000e0000000, 0x00000000ee300000, 0x0000000100000000)
  eden space 187904K, 3% used [0x00000000e0000000,0x00000000e07169c8,0x00000000eb780000)
  from space 16896K, 99% used [0x00000000ecc00000,0x00000000edc79a10,0x00000000edc80000)
  to   space 20992K, 0% used [0x00000000eb780000,0x00000000eb780000,0x00000000ecc00000)
 ParOldGen       total 181248K, used 25028K [0x00000000a0000000, 0x00000000ab100000, 0x00000000e0000000)
  object space 181248K, 13% used [0x00000000a0000000,0x00000000a18713a8,0x00000000ab100000)
 Metaspace       used 57747K, capacity 59442K, committed 59492K, reserved 1099776K
  class space    used 7853K, capacity 8260K, committed 8308K, reserved 1048576K
Event: 6.226 GC heap after
Heap after GC invocations=11 (full 2):
 PSYoungGen      total 208896K, used 14696K [0x00000000e0000000, 0x00000000f2f00000, 0x0000000100000000)
  eden space 187904K, 0% used [0x00000000e0000000,0x00000000e0000000,0x00000000eb780000)
  from space 20992K, 70% used [0x00000000eb780000,0x00000000ec5da0f8,0x00000000ecc00000)
  to   space 20992K, 0% used [0x00000000f1a80000,0x00000000f1a80000,0x00000000f2f00000)
 ParOldGen       total 181248K, used 25036K [0x00000000a0000000, 0x00000000ab100000, 0x00000000e0000000)
  object space 181248K, 13% used [0x00000000a0000000,0x00000000a18733a8,0x00000000ab100000)
 Metaspace       used 57747K, capacity 59442K, committed 59492K, reserved 1099776K
  class space    used 7853K, capacity 8260K, committed 8308K, reserved 1048576K
}
Event: 6.226 GC heap before
{Heap before GC invocations=12 (full 3):
 PSYoungGen      total 208896K, used 14696K [0x00000000e0000000, 0x00000000f2f00000, 0x0000000100000000)
  eden space 187904K, 0% used [0x00000000e0000000,0x00000000e0000000,0x00000000eb780000)
  from space 20992K, 70% used [0x00000000eb780000,0x00000000ec5da0f8,0x00000000ecc00000)
  to   space 20992K, 0% used [0x00000000f1a80000,0x00000000f1a80000,0x00000000f2f00000)
 ParOldGen       total 181248K, used 25036K [0x00000000a0000000, 0x00000000ab100000, 0x00000000e0000000)
  object space 181248K, 13% used [0x00000000a0000000,0x00000000a18733a8,0x00000000ab100000)
 Metaspace       used 57747K, capacity 59442K, committed 59492K, reserved 1099776K
  class space    used 7853K, capacity 8260K, committed 8308K, reserved 1048576K
Event: 6.462 GC heap after
Heap after GC invocations=12 (full 3):
 PSYoungGen      total 208896K, used 0K [0x00000000e0000000, 0x00000000f2f00000, 0x0000000100000000)
  eden space 187904K, 0% used [0x00000000e0000000,0x00000000e0000000,0x00000000eb780000)
  from space 20992K, 0% used [0x00000000eb780000,0x00000000eb780000,0x00000000ecc00000)
  to   space 20992K, 0% used [0x00000000f1a80000,0x00000000f1a80000,0x00000000f2f00000)
 ParOldGen       total 181248K, used 29593K [0x00000000a0000000, 0x00000000ab100000, 0x00000000e0000000)
  object space 181248K, 16% used [0x00000000a0000000,0x00000000a1ce6568,0x00000000ab100000)
 Metaspace       used 57747K, capacity 59442K, committed 59492K, reserved 1099776K
  class space    used 7853K, capacity 8260K, committed 8308K, reserved 1048576K
}

Deoptimization events (10 events):
Event: 6.547 Thread 0x00000000211f9000 Uncommon trap: reason=bimorphic action=maybe_recompile pc=0x000000000378a9c8 method=java.util.Arrays.binarySearch0([Ljava/lang/Object;IILjava/lang/Object;Ljava/util/Comparator;)I @ 48
Event: 6.580 Thread 0x00000000211ff800 Uncommon trap: reason=class_check action=maybe_recompile pc=0x0000000003df8014 method=java.util.Collections$SetFromMap.remove(Ljava/lang/Object;)Z @ 5
Event: 6.581 Thread 0x000000001f95c000 Uncommon trap: reason=class_check action=maybe_recompile pc=0x0000000003df8014 method=java.util.Collections$SetFromMap.remove(Ljava/lang/Object;)Z @ 5
Event: 6.581 Thread 0x000000001f956000 Uncommon trap: reason=class_check action=maybe_recompile pc=0x0000000003df8014 method=java.util.Collections$SetFromMap.remove(Ljava/lang/Object;)Z @ 5
Event: 6.581 Thread 0x000000001ac1f000 Uncommon trap: reason=class_check action=maybe_recompile pc=0x0000000003df8014 method=java.util.Collections$SetFromMap.remove(Ljava/lang/Object;)Z @ 5
Event: 6.583 Thread 0x00000000211ff800 Uncommon trap: reason=unstable_if action=reinterpret pc=0x00000000035c452c method=java.util.concurrent.ConcurrentHashMap.get(Ljava/lang/Object;)Ljava/lang/Object; @ 86
Event: 6.627 Thread 0x00000000211f9000 Uncommon trap: reason=unstable_if action=reinterpret pc=0x0000000003d53294 method=com.esotericsoftware.kryo.io.Input.readString()Ljava/lang/String; @ 38
Event: 6.986 Thread 0x000000001ac1d800 Uncommon trap: reason=unstable_if action=reinterpret pc=0x00000000031fe4bc method=java.io.ObjectOutputStream$BlockDataOutputStream.drain()V @ 12
Event: 7.070 Thread 0x00000000211fe000 Uncommon trap: reason=unstable_if action=reinterpret pc=0x0000000002dd8b2c method=com.sun.org.apache.xerces.internal.impl.XMLEntityScanner.peekChar()I @ 51
Event: 7.195 Thread 0x0000000021205000 Uncommon trap: reason=class_check action=maybe_recompile pc=0x00000000034d4444 method=com.google.common.base.Equivalence$Equals.doEquivalent(Ljava/lang/Object;Ljava/lang/Object;)Z @ 2

Classes redefined (0 events):
No events

Internal exceptions (10 events):
Event: 5.508 Thread 0x000000001ac1f000 Exception <a 'java/lang/NoSuchMethodError': java.lang.Object.lambda$static$4(Ljava/util/Set;Ljava/util/Set;)Z> (0x00000000e3783508) thrown at [D:\src\AOSP-openjdk-cygwin\jdk8u\hotspot\src\share\vm\interpreter\linkResolver.cpp, line 620]
Event: 5.636 Thread 0x000000001ac1f000 Exception <a 'java/lang/ClassNotFoundException': com/sun/org/glassfish/hk2/osgiresourcelocator/ServiceLoader> (0x00000000e3f658b8) thrown at [D:\src\AOSP-openjdk-cygwin\jdk8u\hotspot\src\share\vm\classfile\systemDictionary.cpp, line 210]
Event: 5.666 Thread 0x000000001ac1f000 Exception <a 'java/lang/NullPointerException'> (0x00000000e44317e8) thrown at [D:\src\AOSP-openjdk-cygwin\jdk8u\hotspot\src\share\vm\interpreter\linkResolver.cpp, line 1287]
Event: 6.984 Thread 0x000000001ac1d800 Exception <a 'java/lang/NoSuchMethodError': <clinit>> (0x00000000e0016708) thrown at [D:\src\AOSP-openjdk-cygwin\jdk8u\hotspot\src\share\vm\prims\jni.cpp, line 1614]
Event: 6.985 Thread 0x000000001ac1d800 Exception <a 'java/lang/NoSuchMethodError': <clinit>> (0x00000000e00223e8) thrown at [D:\src\AOSP-openjdk-cygwin\jdk8u\hotspot\src\share\vm\prims\jni.cpp, line 1614]
Event: 6.986 Thread 0x000000001ac1d800 Exception <a 'java/lang/NoSuchMethodError': <clinit>> (0x00000000e002e938) thrown at [D:\src\AOSP-openjdk-cygwin\jdk8u\hotspot\src\share\vm\prims\jni.cpp, line 1614]
Event: 7.002 Thread 0x000000001ac1d800 Exception <a 'java/lang/NoSuchMethodError': <clinit>> (0x00000000e0039328) thrown at [D:\src\AOSP-openjdk-cygwin\jdk8u\hotspot\src\share\vm\prims\jni.cpp, line 1614]
Event: 7.004 Thread 0x000000001ac1d800 Exception <a 'java/lang/NoSuchMethodError': <clinit>> (0x00000000e3dc4f80) thrown at [D:\src\AOSP-openjdk-cygwin\jdk8u\hotspot\src\share\vm\prims\jni.cpp, line 1614]
Event: 7.005 Thread 0x000000001ac1d800 Exception <a 'java/lang/NoSuchMethodError': <clinit>> (0x00000000e3dc6a98) thrown at [D:\src\AOSP-openjdk-cygwin\jdk8u\hotspot\src\share\vm\prims\jni.cpp, line 1614]
Event: 7.041 Thread 0x000000001ac1d800 Exception <a 'java/lang/NoSuchMethodError': <clinit>> (0x00000000e3dd6958) thrown at [D:\src\AOSP-openjdk-cygwin\jdk8u\hotspot\src\share\vm\prims\jni.cpp, line 1614]

Events (10 events):
Event: 7.142 loading class org/gradle/internal/snapshot/impl/SetValueSnapshot done
Event: 7.142 loading class org/gradle/internal/snapshot/impl/AbstractSetSnapshot
Event: 7.142 loading class org/gradle/internal/snapshot/impl/AbstractSetSnapshot done
Event: 7.193 loading class com/android/build/gradle/tasks/MergeResources$Flag
Event: 7.193 loading class com/android/build/gradle/tasks/MergeResources$Flag done
Event: 7.194 loading class org/gradle/internal/fingerprint/impl/RelativePathFingerprintingStrategy$1
Event: 7.194 loading class org/gradle/internal/fingerprint/impl/RelativePathFingerprintingStrategy$1 done
Event: 7.195 Thread 0x0000000021205000 Uncommon trap: trap_request=0xffffffde fr.pc=0x00000000034d4444
Event: 7.195 Thread 0x0000000021205000 DEOPT PACKING pc=0x00000000034d4444 sp=0x000000002649c9f0
Event: 7.195 Thread 0x0000000021205000 DEOPT UNPACKING pc=0x0000000002c4557b sp=0x000000002649c8b8 mode 2


Dynamic libraries:
0x00007ff7821f0000 - 0x00007ff782221000 	C:\Program Files\Android\Android Studio\jre\bin\java.exe
0x00007ffe82540000 - 0x00007ffe82730000 	C:\WINDOWS\SYSTEM32\ntdll.dll
0x00007ffe81400000 - 0x00007ffe814b2000 	C:\WINDOWS\System32\KERNEL32.DLL
0x00007ffe7f8e0000 - 0x00007ffe7fb85000 	C:\WINDOWS\System32\KERNELBASE.dll
0x00007ffe80b20000 - 0x00007ffe80bc3000 	C:\WINDOWS\System32\ADVAPI32.dll
0x00007ffe80950000 - 0x00007ffe809ee000 	C:\WINDOWS\System32\msvcrt.dll
0x00007ffe821d0000 - 0x00007ffe82267000 	C:\WINDOWS\System32\sechost.dll
0x00007ffe80680000 - 0x00007ffe807a0000 	C:\WINDOWS\System32\RPCRT4.dll
0x00007ffe82360000 - 0x00007ffe824f4000 	C:\WINDOWS\System32\USER32.dll
0x00007ffe7f830000 - 0x00007ffe7f851000 	C:\WINDOWS\System32\win32u.dll
0x00007ffe820c0000 - 0x00007ffe820e6000 	C:\WINDOWS\System32\GDI32.dll
0x00007ffe7f5e0000 - 0x00007ffe7f776000 	C:\WINDOWS\System32\gdi32full.dll
0x00007ffe7f4c0000 - 0x00007ffe7f55e000 	C:\WINDOWS\System32\msvcp_win.dll
0x00007ffe7fb90000 - 0x00007ffe7fc8a000 	C:\WINDOWS\System32\ucrtbase.dll
0x00007ffe77550000 - 0x00007ffe777d4000 	C:\WINDOWS\WinSxS\amd64_microsoft.windows.common-controls_6595b64144ccf1df_6.0.18362.1198_none_9e820b57e45ad92f\COMCTL32.dll
0x00007ffe814c0000 - 0x00007ffe817f5000 	C:\WINDOWS\System32\combase.dll
0x00007ffe7f860000 - 0x00007ffe7f8e0000 	C:\WINDOWS\System32\bcryptPrimitives.dll
0x00007ffe82330000 - 0x00007ffe8235e000 	C:\WINDOWS\System32\IMM32.DLL
0x0000000067260000 - 0x0000000067332000 	C:\Program Files\Android\Android Studio\jre\jre\bin\msvcr100.dll
0x0000000067340000 - 0x0000000067b86000 	C:\Program Files\Android\Android Studio\jre\jre\bin\server\jvm.dll
0x00007ffe820f0000 - 0x00007ffe820f8000 	C:\WINDOWS\System32\PSAPI.DLL
0x00007ffe7df10000 - 0x00007ffe7df1a000 	C:\WINDOWS\SYSTEM32\VERSION.dll
0x00007ffe7d190000 - 0x00007ffe7d1b4000 	C:\WINDOWS\SYSTEM32\WINMM.dll
0x00007ffe6e900000 - 0x00007ffe6e909000 	C:\WINDOWS\SYSTEM32\WSOCK32.dll
0x00007ffe805f0000 - 0x00007ffe8065f000 	C:\WINDOWS\System32\WS2_32.dll
0x00007ffe7d010000 - 0x00007ffe7d03d000 	C:\WINDOWS\SYSTEM32\winmmbase.dll
0x00007ffe7f560000 - 0x00007ffe7f5aa000 	C:\WINDOWS\System32\cfgmgr32.dll
0x00007ffe7ba40000 - 0x00007ffe7ba4f000 	C:\Program Files\Android\Android Studio\jre\jre\bin\verify.dll
0x00007ffe5ec00000 - 0x00007ffe5ec29000 	C:\Program Files\Android\Android Studio\jre\jre\bin\java.dll
0x00007ffe7b9a0000 - 0x00007ffe7b9b6000 	C:\Program Files\Android\Android Studio\jre\jre\bin\zip.dll
0x00007ffe80c80000 - 0x00007ffe81367000 	C:\WINDOWS\System32\SHELL32.dll
0x00007ffe80bd0000 - 0x00007ffe80c79000 	C:\WINDOWS\System32\shcore.dll
0x00007ffe7fe60000 - 0x00007ffe805e1000 	C:\WINDOWS\System32\windows.storage.dll
0x00007ffe7f420000 - 0x00007ffe7f443000 	C:\WINDOWS\System32\profapi.dll
0x00007ffe7f470000 - 0x00007ffe7f4ba000 	C:\WINDOWS\System32\powrprof.dll
0x00007ffe7f3f0000 - 0x00007ffe7f400000 	C:\WINDOWS\System32\UMPDC.dll
0x00007ffe822d0000 - 0x00007ffe82322000 	C:\WINDOWS\System32\shlwapi.dll
0x00007ffe7f450000 - 0x00007ffe7f461000 	C:\WINDOWS\System32\kernel.appcore.dll
0x00007ffe7fde0000 - 0x00007ffe7fdf7000 	C:\WINDOWS\System32\cryptsp.dll
0x00007ffe64340000 - 0x00007ffe6435a000 	C:\Program Files\Android\Android Studio\jre\jre\bin\net.dll
0x00007ffe7ec40000 - 0x00007ffe7eca7000 	C:\WINDOWS\system32\mswsock.dll
0x00007ffe5ebe0000 - 0x00007ffe5ebf1000 	C:\Program Files\Android\Android Studio\jre\jre\bin\nio.dll
0x00007ffe73620000 - 0x00007ffe73646000 	C:\Users\Filipe\.gradle\native\29\windows-amd64\native-platform.dll
0x00007ffe7ba20000 - 0x00007ffe7ba2d000 	C:\Program Files\Android\Android Studio\jre\jre\bin\management.dll
0x00007ffe7e7b0000 - 0x00007ffe7e7e3000 	C:\WINDOWS\system32\rsaenh.dll
0x00007ffe7f5b0000 - 0x00007ffe7f5d6000 	C:\WINDOWS\System32\bcrypt.dll
0x00007ffe7f310000 - 0x00007ffe7f335000 	C:\WINDOWS\SYSTEM32\USERENV.dll
0x00007ffe7ee10000 - 0x00007ffe7ee1c000 	C:\WINDOWS\SYSTEM32\CRYPTBASE.dll
0x00007ffe7e950000 - 0x00007ffe7e98a000 	C:\WINDOWS\SYSTEM32\IPHLPAPI.DLL
0x00007ffe81c40000 - 0x00007ffe81c48000 	C:\WINDOWS\System32\NSI.dll
0x00007ffe7adb0000 - 0x00007ffe7adc6000 	C:\WINDOWS\SYSTEM32\dhcpcsvc6.DLL
0x00007ffe7ad90000 - 0x00007ffe7adac000 	C:\WINDOWS\SYSTEM32\dhcpcsvc.DLL
0x00007ffe7e990000 - 0x00007ffe7ea5b000 	C:\WINDOWS\SYSTEM32\DNSAPI.dll

VM Arguments:
jvm_args: -Xmx1536m -Dfile.encoding=windows-1252 -Duser.country=BR -Duser.language=pt -Duser.variant 
java_command: org.gradle.launcher.daemon.bootstrap.GradleDaemon 5.4.1
java_class_path (initial): C:\Users\Filipe\.gradle\wrapper\dists\gradle-5.4.1-all\3221gyojl5jsh0helicew7rwx\gradle-5.4.1\lib\gradle-launcher-5.4.1.jar
Launcher Type: SUN_STANDARD

Environment Variables:
JAVA_HOME=C:\Program Files\Java\jdk1.8.0_221
PATH=C:\Program Files (x86)\Common Files\Oracle\Java\javapath;C:\Program Files\Microsoft MPI\Bin\;C:\Program Files (x86)\NVIDIA Corporation\PhysX\Common;C:\WINDOWS\system32;C:\WINDOWS;C:\WINDOWS\System32\Wbem;C:\WINDOWS\System32\WindowsPowerShell\v1.0\;C:\WINDOWS\System32\OpenSSH\;C:\Program Files\nodejs\;C:\Program Files\dotnet\;C:\Program Files\Microsoft SQL Server\130\Tools\Binn\;C:\Program Files\Microsoft SQL Server\Client SDK\ODBC\170\Tools\Binn\;C:\Program Files\Microsoft SQL Server\Client SDK\ODBC\130\Tools\Binn\;C:\Program Files (x86)\Microsoft SQL Server\140\Tools\Binn\;C:\Program Files\Microsoft SQL Server\140\Tools\Binn\;C:\Program Files\Microsoft SQL Server\140\DTS\Binn\;C:\Program Files (x86)\Microsoft SQL Server\150\DTS\Binn\;C:\Program Files\Redis\;C:\Program Files\Git\cmd;C:\Program Files\PuTTY\;%JAVA_HOME%;C:\Gradle\bin;C:\Users\Filipe\AppData\Local\Microsoft\WindowsApps;C:\Users\Filipe\AppData\Roaming\npm;D:\Instaladores\FFmpeg\ffmpeg-20200620-29ea4e1-win64-static\bin;C:\Program Files\heroku\bin;C:\Users\Filipe\AppData\Local\atom\bin;C:\flutter\bin;C:\Users\Filipe\AppData\Local\Programs\Microsoft VS Code\bin
USERNAME=Filipe
OS=Windows_NT
PROCESSOR_IDENTIFIER=Intel64 Family 6 Model 42 Stepping 7, GenuineIntel



---------------  S Y S T E M  ---------------

OS: Windows 10.0 , 64 bit Build 18362 (10.0.18362.1110)

CPU:total 8 (initial active 8) (4 cores per cpu, 2 threads per core) family 6 model 42 stepping 7, cmov, cx8, fxsr, mmx, sse, sse2, sse3, ssse3, sse4.1, sse4.2, popcnt, avx, aes, clmul, ht, tsc, tscinvbit

Memory: 4k page, physical 16650224k(4608064k free), swap 16650224k(5608k free)

vm_info: OpenJDK 64-Bit Server VM (25.202-b03) for windows-amd64 JRE (1.8.0_202-release-1483-b03), built by "builder" with MS VC++ 10.0 (VS2010)

time: Tue Nov 24 23:02:24 2020
timezone: Hora Padrão Brasil Central
elapsed time: 7 seconds (0d 0h 0m 7s)

